<?xml version="1.0" encoding="UTF-8" standalone="no"?>
<!DOCTYPE log SYSTEM "logger.dtd">
<log>
<record>
  <date>2019-09-16T16:14:09.016-0300</date>
  <logger>ARTHUR FERNANDES DE ANDRADE</logger>
  <level>FINE</level>
  <message>File 116211155-ARTHUR FERNANDES DE ANDRADE.zip was received. It was sent by ARTHUR FERNANDES DE ANDRADE from IP 150.165.42.122 at 16-09-2019 16*14*09</message>
</record>
</log>
<?xml version="1.0" encoding="UTF-8" standalone="no"?>
<!DOCTYPE log SYSTEM "logger.dtd">
<log>
<record>
  <date>2019-09-18T11:39:57.997-0300</date>
  <logger>ARTHUR FERNANDES DE ANDRADE</logger>
  <level>FINE</level>
  <message>File 116211155-ARTHUR FERNANDES DE ANDRADE.zip was received. It was sent by ARTHUR FERNANDES DE ANDRADE from IP 192.168.0.112 at 18-09-2019 11*39*57</message>
</record>
</log>
<?xml version="1.0" encoding="UTF-8" standalone="no"?>
<!DOCTYPE log SYSTEM "logger.dtd">
<log>
<record>
  <date>2019-09-18T12:33:11.702-0300</date>
  <logger>ARTHUR FERNANDES DE ANDRADE</logger>
  <level>FINE</level>
  <message>File 116211155-ARTHUR FERNANDES DE ANDRADE.zip was received. It was sent by ARTHUR FERNANDES DE ANDRADE from IP 192.168.0.112 at 18-09-2019 12*33*11</message>
</record>
</log>
<?xml version="1.0" encoding="UTF-8" standalone="no"?>
<!DOCTYPE log SYSTEM "logger.dtd">
<log>
<record>
  <date>2019-09-18T12:48:43.315-0300</date>
  <logger>ARTHUR FERNANDES DE ANDRADE</logger>
  <level>FINE</level>
  <message>File 116211155-ARTHUR FERNANDES DE ANDRADE.zip was received. It was sent by ARTHUR FERNANDES DE ANDRADE from IP 192.168.0.112 at 18-09-2019 12*48*43</message>
</record>
