<?xml version="1.0" encoding="UTF-8" standalone="no"?>
<!DOCTYPE log SYSTEM "logger.dtd">
<log>
<record>
  <date>2019-08-26T16:12:46.113-0300</date>
  <logger>ARTHUR FERNANDES DE ANDRADE</logger>
  <level>FINE</level>
  <message>File 116211155-ARTHUR FERNANDES DE ANDRADE.zip was received. It was sent by ARTHUR FERNANDES DE ANDRADE from IP 150.165.42.133 at 26-08-2019 16*12*46</message>
</record>
</log>
<?xml version="1.0" encoding="UTF-8" standalone="no"?>
<!DOCTYPE log SYSTEM "logger.dtd">
<log>
<record>
  <date>2019-08-26T17:26:44.086-0300</date>
  <logger>ARTHUR FERNANDES DE ANDRADE</logger>
  <level>FINE</level>
  <message>File 116211155-ARTHUR FERNANDES DE ANDRADE.zip was received. It was sent by ARTHUR FERNANDES DE ANDRADE from IP 150.165.42.133 at 26-08-2019 17*26*44</message>
</record>
</log>
<?xml version="1.0" encoding="UTF-8" standalone="no"?>
<!DOCTYPE log SYSTEM "logger.dtd">
<log>
<record>
  <date>2019-08-26T17:28:27.451-0300</date>
  <logger>ARTHUR FERNANDES DE ANDRADE</logger>
  <level>FINE</level>
  <message>File 116211155-ARTHUR FERNANDES DE ANDRADE.zip was received. It was sent by ARTHUR FERNANDES DE ANDRADE from IP 150.165.42.133 at 26-08-2019 17*28*27</message>
</record>
</log>
<?xml version="1.0" encoding="UTF-8" standalone="no"?>
<!DOCTYPE log SYSTEM "logger.dtd">
<log>
<record>
  <date>2019-08-26T17:29:36.646-0300</date>
  <logger>ARTHUR FERNANDES DE ANDRADE</logger>
  <level>FINE</level>
  <message>File 116211155-ARTHUR FERNANDES DE ANDRADE.zip was received. It was sent by ARTHUR FERNANDES DE ANDRADE from IP 150.165.42.133 at 26-08-2019 17*29*36</message>
</record>
</log>
<?xml version="1.0" encoding="UTF-8" standalone="no"?>
<!DOCTYPE log SYSTEM "logger.dtd">
<log>
<record>
  <date>2019-08-26T17:32:06.156-0300</date>
  <logger>ARTHUR FERNANDES DE ANDRADE</logger>
  <level>FINE</level>
  <message>File 116211155-ARTHUR FERNANDES DE ANDRADE.zip was received. It was sent by ARTHUR FERNANDES DE ANDRADE from IP 150.165.42.133 at 26-08-2019 17*32*06</message>
</record>
