<?xml version="1.0" encoding="UTF-8" standalone="no"?>
<!DOCTYPE log SYSTEM "logger.dtd">
<log>
<record>
  <date>2019-09-25T09:30:49.523-0300</date>
  <logger>ARTHUR FERNANDES DE ANDRADE</logger>
  <level>FINE</level>
  <message>File 116211155-ARTHUR FERNANDES DE ANDRADE.zip was received. It was sent by ARTHUR FERNANDES DE ANDRADE from IP 192.168.0.112 at 25-09-2019 09*30*49</message>
</record>
</log>
<?xml version="1.0" encoding="UTF-8" standalone="no"?>
<!DOCTYPE log SYSTEM "logger.dtd">
<log>
<record>
  <date>2019-09-25T12:31:50.324-0300</date>
  <logger>ARTHUR FERNANDES DE ANDRADE</logger>
  <level>FINE</level>
  <message>File 116211155-ARTHUR FERNANDES DE ANDRADE.zip was received. It was sent by ARTHUR FERNANDES DE ANDRADE from IP 192.168.0.112 at 25-09-2019 12*31*50</message>
</record>
</log>
<?xml version="1.0" encoding="UTF-8" standalone="no"?>
<!DOCTYPE log SYSTEM "logger.dtd">
<log>
<record>
  <date>2019-09-25T13:32:35.147-0300</date>
  <logger>ARTHUR FERNANDES DE ANDRADE</logger>
  <level>FINE</level>
  <message>File 116211155-ARTHUR FERNANDES DE ANDRADE.zip was received. It was sent by ARTHUR FERNANDES DE ANDRADE from IP 192.168.0.112 at 25-09-2019 13*32*35</message>
</record>
</log>
<?xml version="1.0" encoding="UTF-8" standalone="no"?>
<!DOCTYPE log SYSTEM "logger.dtd">
<log>
<record>
  <date>2019-09-25T14:34:09.869-0300</date>
  <logger>ARTHUR FERNANDES DE ANDRADE</logger>
  <level>FINE</level>
  <message>File 116211155-ARTHUR FERNANDES DE ANDRADE.zip was received. It was sent by ARTHUR FERNANDES DE ANDRADE from IP 192.168.0.112 at 25-09-2019 14*34*09</message>
</record>
