<?xml version="1.0" encoding="UTF-8" standalone="no"?>
<!DOCTYPE log SYSTEM "logger.dtd">
<log>
<record>
  <date>2019-10-21T16:18:46.411-0300</date>
  <logger>ARTHUR FERNANDES DE ANDRADE</logger>
  <level>FINE</level>
  <message>File 116211155-ARTHUR FERNANDES DE ANDRADE.zip was received. It was sent by ARTHUR FERNANDES DE ANDRADE from IP 150.165.42.133 at 21-10-2019 16*18*46</message>
</record>
</log>
<?xml version="1.0" encoding="UTF-8" standalone="no"?>
<!DOCTYPE log SYSTEM "logger.dtd">
<log>
<record>
  <date>2019-10-22T22:29:39.870-0300</date>
  <logger>ARTHUR FERNANDES DE ANDRADE</logger>
  <level>FINE</level>
  <message>File 116211155-ARTHUR FERNANDES DE ANDRADE.zip was received. It was sent by ARTHUR FERNANDES DE ANDRADE from IP 192.168.0.112 at 22-10-2019 22*29*39</message>
</record>
</log>
<?xml version="1.0" encoding="UTF-8" standalone="no"?>
<!DOCTYPE log SYSTEM "logger.dtd">
<log>
<record>
  <date>2019-10-22T22:58:15.494-0300</date>
  <logger>ARTHUR FERNANDES DE ANDRADE</logger>
  <level>FINE</level>
  <message>File 116211155-ARTHUR FERNANDES DE ANDRADE.zip was received. It was sent by ARTHUR FERNANDES DE ANDRADE from IP 192.168.0.112 at 22-10-2019 22*58*15</message>
</record>
</log>
<?xml version="1.0" encoding="UTF-8" standalone="no"?>
<!DOCTYPE log SYSTEM "logger.dtd">
<log>
<record>
  <date>2019-10-23T00:19:27.854-0300</date>
  <logger>ARTHUR FERNANDES DE ANDRADE</logger>
  <level>FINE</level>
  <message>File 116211155-ARTHUR FERNANDES DE ANDRADE.zip was received. It was sent by ARTHUR FERNANDES DE ANDRADE from IP 192.168.0.112 at 23-10-2019 00*19*27</message>
</record>
</log>
<?xml version="1.0" encoding="UTF-8" standalone="no"?>
<!DOCTYPE log SYSTEM "logger.dtd">
<log>
<record>
  <date>2019-10-23T11:03:27.215-0300</date>
  <logger>ARTHUR FERNANDES DE ANDRADE</logger>
  <level>FINE</level>
  <message>File 116211155-ARTHUR FERNANDES DE ANDRADE.zip was received. It was sent by ARTHUR FERNANDES DE ANDRADE from IP 192.168.0.112 at 23-10-2019 11*03*27</message>
</record>
</log>
<?xml version="1.0" encoding="UTF-8" standalone="no"?>
<!DOCTYPE log SYSTEM "logger.dtd">
<log>
<record>
  <date>2019-10-23T11:08:39.821-0300</date>
  <logger>ARTHUR FERNANDES DE ANDRADE</logger>
  <level>FINE</level>
  <message>File 116211155-ARTHUR FERNANDES DE ANDRADE.zip was received. It was sent by ARTHUR FERNANDES DE ANDRADE from IP 192.168.0.112 at 23-10-2019 11*08*39</message>
</record>
</log>
<?xml version="1.0" encoding="UTF-8" standalone="no"?>
<!DOCTYPE log SYSTEM "logger.dtd">
<log>
<record>
  <date>2019-10-23T11:15:45.238-0300</date>
  <logger>ARTHUR FERNANDES DE ANDRADE</logger>
  <level>FINE</level>
  <message>File 116211155-ARTHUR FERNANDES DE ANDRADE.zip was received. It was sent by ARTHUR FERNANDES DE ANDRADE from IP 192.168.0.112 at 23-10-2019 11*15*45</message>
</record>
